2021-07-05 12:54:34 INFO (StartupInfoLogger.java:55) Starting Demo210Application using Java 1.8.0_291 on DESKTOP-IJP1TGO with PID 9832 (D:\programming\spring_boot\demo2106\bin\main started by JAEHOON in D:\programming\spring_boot\demo2106)
2021-07-05 12:54:34 INFO (SpringApplication.java:664) No active profile set, falling back to default profiles: default
2021-07-05 12:54:34 INFO (DeferredLog.java:255) Devtools property defaults active! Set 'spring.devtools.add-properties' to 'false' to disable
2021-07-05 12:54:34 INFO (DeferredLog.java:255) For additional web related logging consider setting the 'logging.level.web' property to 'DEBUG'
2021-07-05 12:54:35 WARN (  Logger.java:44) No MyBatis mapper was found in '[com.example.ajax]' package. Please check your configuration.
2021-07-05 12:54:35 INFO (TomcatWebServer.java:108) Tomcat initialized with port(s): 7000 (http)
2021-07-05 12:54:35 INFO (DirectJDKLog.java:173) Initializing ProtocolHandler ["http-nio-7000"]
2021-07-05 12:54:35 INFO (DirectJDKLog.java:173) Starting service [Tomcat]
2021-07-05 12:54:35 INFO (DirectJDKLog.java:173) Starting Servlet engine: [Apache Tomcat/9.0.48]
2021-07-05 12:54:35 INFO (DirectJDKLog.java:173) At least one JAR was scanned for TLDs yet contained no TLDs. Enable debug logging for this logger for a complete list of JARs that were scanned but no TLDs were found in them. Skipping unneeded JARs during scanning can improve startup time and JSP compilation time.
2021-07-05 12:54:35 INFO (DirectJDKLog.java:173) Initializing Spring embedded WebApplicationContext
2021-07-05 12:54:35 INFO (ServletWebServerApplicationContext.java:289) Root WebApplicationContext: initialization completed in 1380 ms
2021-07-05 12:54:35 INFO (HikariDataSource.java:80) HikariPool-1 - Starting...
2021-07-05 12:54:35 WARN (DriverDataSource.java:70) Registered driver with driverClassName=oracle.jdbc.driver.OracleDriver was not found, trying direct instantiation.
2021-07-05 12:54:36 INFO (PoolBase.java:535) HikariPool-1 - Driver does not support get/set network timeout for connections. (oracle.jdbc.driver.T4CConnection.getNetworkTimeout()I)
2021-07-05 12:54:36 INFO (HikariDataSource.java:82) HikariPool-1 - Start completed.
2021-07-05 12:54:36 INFO (DatabaseConfiguration.java:34) datasource : HikariDataSource (HikariPool-1)
2021-07-05 12:54:36 INFO (WelcomePageHandlerMapping.java:53) Adding welcome page: ServletContext resource [/index.html]
2021-07-05 12:54:36 INFO (OptionalLiveReloadServer.java:58) LiveReload server is running on port 35729
2021-07-05 12:54:36 INFO (DirectJDKLog.java:173) Starting ProtocolHandler ["http-nio-7000"]
2021-07-05 12:54:36 INFO (TomcatWebServer.java:220) Tomcat started on port(s): 7000 (http) with context path ''
2021-07-05 12:54:36 INFO (StartupInfoLogger.java:61) Started Demo210Application in 2.771 seconds (JVM running for 3.749)
2021-07-05 12:55:21 INFO (DirectJDKLog.java:173) Initializing Spring DispatcherServlet 'dispatcherServlet'
2021-07-05 12:55:21 INFO (FrameworkServlet.java:525) Initializing Servlet 'dispatcherServlet'
2021-07-05 12:55:21 INFO (FrameworkServlet.java:547) Completed initialization in 1 ms
2021-07-05 14:30:55 WARN (HikariPool.java:787) HikariPool-1 - Thread starvation or clock leap detected (housekeeper delta=34m18s591ms261µs700ns).
2021-07-05 14:33:39 INFO (SpringApplicationAdminMXBeanRegistrar.java:159) Application shutdown requested.
2021-07-05 14:33:39 INFO (HikariDataSource.java:350) HikariPool-1 - Shutdown initiated...
2021-07-05 14:33:39 INFO (HikariDataSource.java:352) HikariPool-1 - Shutdown completed.
